Determining if the pthread_create exist failed with the following output:
Change Dir: /home/davidhan/catkin_ws/src/ROS-Academy-for-Beginners/radar2novatel/cmake-build-debug/CMakeFiles/CMakeTmp

Run Build Command(s):/usr/bin/make cmTC_c2479/fast 
/usr/bin/make -f CMakeFiles/cmTC_c2479.dir/build.make CMakeFiles/cmTC_c2479.dir/build
make[1]: Entering directory '/home/davidhan/catkin_ws/src/ROS-Academy-for-Beginners/radar2novatel/cmake-build-debug/CMakeFiles/CMakeTmp'
Building C object CMakeFiles/cmTC_c2479.dir/CheckSymbolExists.c.o
/usr/bin/cc    -o CMakeFiles/cmTC_c2479.dir/CheckSymbolExists.c.o   -c /home/davidhan/catkin_ws/src/ROS-Academy-for-Beginners/radar2novatel/cmake-build-debug/CMakeFiles/CMakeTmp/CheckSymbolExists.c
Linking C executable cmTC_c2479
/home/davidhan/Downloads/clion-2019.1.3/bin/cmake/linux/bin/cmake -E cmake_link_script CMakeFiles/cmTC_c2479.dir/link.txt --verbose=1
/usr/bin/cc      -rdynamic CMakeFiles/cmTC_c2479.dir/CheckSymbolExists.c.o  -o cmTC_c2479 
CMakeFiles/cmTC_c2479.dir/CheckSymbolExists.c.o：在函数‘main’中：
CheckSymbolExists.c:(.text+0x16)：对‘pthread_create’未定义的引用
collect2: error: ld returned 1 exit status
CMakeFiles/cmTC_c2479.dir/build.make:86: recipe for target 'cmTC_c2479' failed
make[1]: *** [cmTC_c2479] Error 1
make[1]: Leaving directory '/home/davidhan/catkin_ws/src/ROS-Academy-for-Beginners/radar2novatel/cmake-build-debug/CMakeFiles/CMakeTmp'
Makefile:121: recipe for target 'cmTC_c2479/fast' failed
make: *** [cmTC_c2479/fast] Error 2

File /home/davidhan/catkin_ws/src/ROS-Academy-for-Beginners/radar2novatel/cmake-build-debug/CMakeFiles/CMakeTmp/CheckSymbolExists.c:
/* */
#include <pthread.h>

int main(int argc, char** argv)
{
  (void)argv;
#ifndef pthread_create
  return ((int*)(&pthread_create))[argc];
#else
  (void)argc;
  return 0;
#endif
}

Determining if the function pthread_create exists in the pthreads failed with the following output:
Change Dir: /home/davidhan/catkin_ws/src/ROS-Academy-for-Beginners/radar2novatel/cmake-build-debug/CMakeFiles/CMakeTmp

Run Build Command(s):/usr/bin/make cmTC_e2889/fast 
/usr/bin/make -f CMakeFiles/cmTC_e2889.dir/build.make CMakeFiles/cmTC_e2889.dir/build
make[1]: Entering directory '/home/davidhan/catkin_ws/src/ROS-Academy-for-Beginners/radar2novatel/cmake-build-debug/CMakeFiles/CMakeTmp'
Building C object CMakeFiles/cmTC_e2889.dir/CheckFunctionExists.c.o
/usr/bin/cc   -DCHECK_FUNCTION_EXISTS=pthread_create   -o CMakeFiles/cmTC_e2889.dir/CheckFunctionExists.c.o   -c /home/davidhan/Downloads/clion-2019.1.3/bin/cmake/linux/share/cmake-3.14/Modules/CheckFunctionExists.c
Linking C executable cmTC_e2889
/home/davidhan/Downloads/clion-2019.1.3/bin/cmake/linux/bin/cmake -E cmake_link_script CMakeFiles/cmTC_e2889.dir/link.txt --verbose=1
/usr/bin/cc  -DCHECK_FUNCTION_EXISTS=pthread_create    -rdynamic CMakeFiles/cmTC_e2889.dir/CheckFunctionExists.c.o  -o cmTC_e2889 -lpthreads 
/usr/bin/ld: 找不到 -lpthreads
collect2: error: ld returned 1 exit status
CMakeFiles/cmTC_e2889.dir/build.make:86: recipe for target 'cmTC_e2889' failed
make[1]: *** [cmTC_e2889] Error 1
make[1]: Leaving directory '/home/davidhan/catkin_ws/src/ROS-Academy-for-Beginners/radar2novatel/cmake-build-debug/CMakeFiles/CMakeTmp'
Makefile:121: recipe for target 'cmTC_e2889/fast' failed
make: *** [cmTC_e2889/fast] Error 2


